[12:15:55] [main/INFO] (FabricLoader/GameProvider) Loading Minecraft 1.18.2 with Fabric Loader 0.14.6
[12:15:55] [main/INFO] (FabricLoader) Loading 49 mods:
	- fabric 0.53.0+1.18.2
	- fabric-api-base 0.4.4+d7c144a860
	- fabric-api-lookup-api-v1 1.6.0+2373a54560
	- fabric-biome-api-v1 8.0.4+7b0f312660
	- fabric-blockrenderlayer-v1 1.1.12+3ac43d9560
	- fabric-command-api-v1 1.1.9+d7c144a860
	- fabric-commands-v0 0.2.8+b4f4f6cd60
	- fabric-containers-v0 0.1.21+d7c144a860
	- fabric-content-registries-v0 3.0.4+d82b939260
	- fabric-convention-tags-v1 1.0.1+474e4f7960
	- fabric-crash-report-info-v1 0.2.0+a6b0947860
	- fabric-data-generation-api-v1 2.0.9+e19de87d60
	- fabric-dimensions-v1 2.1.17+2540745460
	- fabric-entity-events-v1 1.4.8+d7c144a860
	- fabric-events-interaction-v0 0.4.19+d7c144a860
	- fabric-events-lifecycle-v0 0.2.15+d7c144a860
	- fabric-game-rule-api-v1 1.0.13+d7c144a860
	- fabric-gametest-api-v1 1.0.17+91b7aa6660
	- fabric-item-api-v1 1.5.0+85719ab760
	- fabric-item-groups-v0 0.3.12+91896a4960
	- fabric-key-binding-api-v1 1.0.12+54e5b2ec60
	- fabric-keybindings-v0 0.2.10+b4f4f6cd60
	- fabric-lifecycle-events-v1 2.0.3+2d83e92c60
	- fabric-loot-tables-v1 1.0.11+d7c144a860
	- fabric-mining-level-api-v1 2.1.1+81ea5b3c60
	- fabric-models-v0 0.3.6+d7c144a860
	- fabric-networking-api-v1 1.0.21+d882b91560
	- fabric-networking-v0 0.3.8+b4f4f6cd60
	- fabric-object-builder-api-v1 2.1.1+032c981d60
	- fabric-particles-v1 0.2.12+526dc1ac60
	- fabric-registry-sync-v0 0.9.8+0d9ab37260
	- fabric-renderer-api-v1 0.4.13+d882b91560
	- fabric-renderer-indigo 0.5.0+7faf0d8860
	- fabric-renderer-registries-v1 3.2.11+b4f4f6cd60
	- fabric-rendering-data-attachment-v1 0.3.7+d7c144a860
	- fabric-rendering-fluids-v1 2.0.2+54e5b2ec60
	- fabric-rendering-v0 1.1.13+b4f4f6cd60
	- fabric-rendering-v1 1.10.7+54e5b2ec60
	- fabric-resource-conditions-api-v1 2.0.3+91b7aa6660
	- fabric-resource-loader-v0 0.5.0+2afceb2960
	- fabric-screen-api-v1 1.0.10+d882b91560
	- fabric-screen-handler-api-v1 1.2.0+1f6558e860
	- fabric-textures-v0 1.0.12+3ac43d9560
	- fabric-transfer-api-v1 1.6.1+f4563ac860
	- fabric-transitive-access-wideners-v1 1.0.0+bd8a4a1860
	- fabricloader 0.14.6
	- java 17
	- minecraft 1.18.2
	- trading_block 1.0.0
[12:15:55] [main/INFO] (FabricLoader/Mixin) SpongePowered MIXIN Subsystem Version=0.8.5 Source=file:/home/skeevert/.gradle/caches/modules-2/files-2.1/net.fabricmc/sponge-mixin/0.11.4+mixin.0.8.5/c1dc27696aa4006e492c2485c9ccbcb26045a971/sponge-mixin-0.11.4+mixin.0.8.5.jar Service=Knot/Fabric Env=CLIENT
[12:15:55] [main/INFO] (FabricLoader/Mixin) Loaded Fabric development mappings for mixin remapper!
[12:15:55] [main/INFO] (FabricLoader/Mixin) Compatibility level set to JAVA_16
[12:15:57] [main/WARN] (FileUtil) Configuration conflict: there is more than one oshi.properties file on the classpath
[12:15:57] [main/WARN] (FileUtil) Configuration conflict: there is more than one oshi.architecture.properties file on the classpath
[12:16:00] [Render thread/INFO] (Minecraft) Environment: authHost='https://authserver.mojang.com', accountsHost='https://api.mojang.com', sessionHost='https://sessionserver.mojang.com', servicesHost='https://api.minecraftservices.com', name='PROD'
[12:16:01] [Render thread/ERROR] (Minecraft) Failed to verify authentication
com.mojang.authlib.exceptions.InvalidCredentialsException: Status: 401
	at com.mojang.authlib.exceptions.MinecraftClientHttpException.toAuthenticationException(MinecraftClientHttpException.java:56) ~[authlib-3.3.39.jar:?]
	at com.mojang.authlib.yggdrasil.YggdrasilUserApiService.fetchProperties(YggdrasilUserApiService.java:132) ~[authlib-3.3.39.jar:?]
	at com.mojang.authlib.yggdrasil.YggdrasilUserApiService.<init>(YggdrasilUserApiService.java:44) ~[authlib-3.3.39.jar:?]
	at com.mojang.authlib.yggdrasil.YggdrasilAuthenticationService.createUserApiService(YggdrasilAuthenticationService.java:153) ~[authlib-3.3.39.jar:?]
	at net.minecraft.client.MinecraftClient.createUserApiService(MinecraftClient.java:673) [minecraft-project-@-merged-named.jar:?]
	at net.minecraft.client.MinecraftClient.<init>(MinecraftClient.java:495) [minecraft-project-@-merged-named.jar:?]
	at net.minecraft.client.main.Main.main(Main.java:178) [minecraft-project-@-merged-named.jar:?]
	at net.fabricmc.loader.impl.game.minecraft.MinecraftGameProvider.launch(MinecraftGameProvider.java:460) [fabric-loader-0.14.6.jar:?]
	at net.fabricmc.loader.impl.launch.knot.Knot.launch(Knot.java:74) [fabric-loader-0.14.6.jar:?]
	at net.fabricmc.loader.impl.launch.knot.KnotClient.main(KnotClient.java:23) [fabric-loader-0.14.6.jar:?]
	at net.fabricmc.devlaunchinjector.Main.main(Main.java:86) [dev-launch-injector-0.2.1+build.8.jar:?]
Caused by: com.mojang.authlib.exceptions.MinecraftClientHttpException: Status: 401
	at com.mojang.authlib.minecraft.client.MinecraftClient.readInputStream(MinecraftClient.java:78) ~[authlib-3.3.39.jar:?]
	at com.mojang.authlib.minecraft.client.MinecraftClient.get(MinecraftClient.java:48) ~[authlib-3.3.39.jar:?]
	at com.mojang.authlib.yggdrasil.YggdrasilUserApiService.fetchProperties(YggdrasilUserApiService.java:113) ~[authlib-3.3.39.jar:?]
	... 9 more
[12:16:01] [Render thread/INFO] (Minecraft) Setting user: Player964
[12:16:01] [Render thread/INFO] (modid) Trading block mod initialized
[12:16:01] [Render thread/INFO] (Indigo) [Indigo] Registering Indigo renderer!
[12:16:02] [Render thread/INFO] (Minecraft) Backend library: LWJGL version 3.2.2 build 10
[12:16:04] [Render thread/INFO] (Minecraft) Narrator library successfully loaded
[12:16:04] [Render thread/INFO] (Minecraft) Reloading ResourceManager: Default, Fabric Mods (Fabric Resource Conditions API (v1), Fabric Screen Handler API (v1), Fabric Crash Report Info (v1), Fabric Entity Events (v1), Fabric BlockRenderLayer Registration (v1), Fabric Rendering (v1), Fabric API Lookup API (v1), Fabric Events Interaction (v0), Fabric Game Test API (v1), Fabric Rendering Fluids (v1), Fabric Events Lifecycle (v0), Fabric Biome API (v1), Fabric Transitive Access Wideners (v1), Fabric Mining Level API (v1), Fabric Renderer API (v1), Fabric Transfer API (v1), Fabric Renderer Registries (v1), Fabric Commands (v0), Fabric Content Registries (v0), Fabric Particles (v1), Fabric Convention Tags, Fabric Game Rule API (v1), Fabric Rendering Data Attachment (v1), Fabric Loot Tables (v1), Trading Block Mod, Fabric Networking (v0), Fabric Key Bindings (v0), Fabric API Base, Fabric API, Fabric Object Builder API (v1), Fabric Key Binding API (v1), Fabric Registry Sync (v0), Fabric Command API (v1), Fabric Dimensions API (v1), Fabric Item Groups (v0), Fabric Renderer - Indigo, Fabric Models (v0), Fabric Rendering (v0), Fabric Lifecycle Events (v1), Fabric Item API (v1), Fabric Networking API (v1), Fabric Resource Loader (v0), Fabric Loader, Fabric Containers (v0), Fabric Data Generation API (v1), Fabric Textures (v0), Fabric Screen API (v1))
[12:16:05] [Realms Notification Availability checker #1/INFO] (Minecraft) Could not authorize you against Realms server: Invalid session id
[12:16:07] [Render thread/INFO] (Minecraft) OpenAL initialized on device 960 Headset Analog Stereo
[12:16:07] [Render thread/INFO] (Minecraft) Sound engine started
[12:16:08] [Render thread/INFO] (Minecraft) Created: 1024x1024x4 minecraft:textures/atlas/blocks.png-atlas
[12:16:08] [Render thread/INFO] (Minecraft) Created: 256x128x4 minecraft:textures/atlas/signs.png-atlas
[12:16:08] [Render thread/INFO] (Minecraft) Created: 1024x512x4 minecraft:textures/atlas/banner_patterns.png-atlas
[12:16:08] [Render thread/INFO] (Minecraft) Created: 1024x512x4 minecraft:textures/atlas/shield_patterns.png-atlas
[12:16:08] [Render thread/INFO] (Minecraft) Created: 256x256x4 minecraft:textures/atlas/chest.png-atlas
[12:16:08] [Render thread/INFO] (Minecraft) Created: 512x256x4 minecraft:textures/atlas/beds.png-atlas
[12:16:08] [Render thread/INFO] (Minecraft) Created: 512x256x4 minecraft:textures/atlas/shulker_boxes.png-atlas
[12:16:09] [Render thread/INFO] (Minecraft) Created: 256x256x0 minecraft:textures/atlas/particles.png-atlas
[12:16:09] [Render thread/INFO] (Minecraft) Created: 256x256x0 minecraft:textures/atlas/paintings.png-atlas
[12:16:09] [Render thread/INFO] (Minecraft) Created: 256x128x0 minecraft:textures/atlas/mob_effects.png-atlas
[12:16:14] [Render thread/WARN] (Minecraft) Ambiguity between arguments [teleport, location] and [teleport, destination] with inputs: [0.1 -0.5 .9, 0 0 0]
[12:16:14] [Render thread/WARN] (Minecraft) Ambiguity between arguments [teleport, location] and [teleport, targets] with inputs: [0.1 -0.5 .9, 0 0 0]
[12:16:14] [Render thread/WARN] (Minecraft) Ambiguity between arguments [teleport, destination] and [teleport, targets] with inputs: [Player, 0123, @e, dd12be42-52a9-4a91-a8a1-11c01849e498]
[12:16:14] [Render thread/WARN] (Minecraft) Ambiguity between arguments [teleport, targets] and [teleport, destination] with inputs: [Player, 0123, dd12be42-52a9-4a91-a8a1-11c01849e498]
[12:16:14] [Render thread/WARN] (Minecraft) Ambiguity between arguments [teleport, targets, location] and [teleport, targets, destination] with inputs: [0.1 -0.5 .9, 0 0 0]
[12:16:14] [Render thread/INFO] (Minecraft) Loaded 7 recipes
[12:16:14] [Render thread/INFO] (Minecraft) Loaded 1141 advancements
[12:16:15] [Render thread/INFO] (Minecraft) Environment: authHost='https://authserver.mojang.com', accountsHost='https://api.mojang.com', sessionHost='https://sessionserver.mojang.com', servicesHost='https://api.minecraftservices.com', name='PROD'
[12:16:15] [Render thread/INFO] (BiomeModificationImpl) Applied 0 biome modifications to 0 of 61 new biomes in 1.268 ms
[12:16:15] [Server thread/INFO] (Minecraft) Starting integrated minecraft server version 1.18.2
[12:16:15] [Server thread/INFO] (Minecraft) Generating keypair
[12:16:15] [Server thread/INFO] (Minecraft) Preparing start region for dimension minecraft:overworld
[12:16:15] [Render thread/INFO] (Minecraft) Preparing spawn area: 0%
[12:16:15] [Render thread/INFO] (Minecraft) Preparing spawn area: 0%
[12:16:16] [Render thread/INFO] (Minecraft) Preparing spawn area: 0%
[12:16:16] [Render thread/INFO] (Minecraft) Preparing spawn area: 0%
[12:16:17] [Render thread/INFO] (Minecraft) Preparing spawn area: 1%
[12:16:17] [Render thread/INFO] (Minecraft) Preparing spawn area: 3%
[12:16:18] [Render thread/INFO] (Minecraft) Preparing spawn area: 25%
[12:16:18] [Render thread/INFO] (Minecraft) Preparing spawn area: 89%
[12:16:19] [Render thread/INFO] (Minecraft) Time elapsed: 3696 ms
[12:16:19] [Server thread/INFO] (Minecraft) Changing view distance to 12, from 10
[12:16:19] [Server thread/INFO] (Minecraft) Changing simulation distance to 12, from 0
[12:16:19] [Server thread/INFO] (Minecraft) Player964[local:E:66a02028] logged in with entity id 116 at (-142.0610374068485, 67.79673560066871, -55.33699798960137)
[12:16:19] [Server thread/INFO] (Minecraft) Player964 joined the game
[12:16:19] [Server thread/INFO] (Minecraft) Player964 has made the advancement [Suit Up]
[12:16:19] [Server thread/INFO] (Minecraft) Player964 has made the advancement [Acquire Hardware]
[12:16:19] [Render thread/INFO] (Minecraft) [CHAT] Player964 has made the advancement [Suit Up]
[12:16:19] [Render thread/INFO] (Minecraft) [CHAT] Player964 has made the advancement [Acquire Hardware]
[12:16:19] [Render thread/INFO] (Minecraft) Loaded 77 advancements
[12:16:26] [Server thread/INFO] (Minecraft) Saving and pausing game...
[12:16:26] [Server thread/INFO] (Minecraft) Saving chunks for level 'ServerLevel[New World]'/minecraft:overworld
[12:16:26] [Server thread/INFO] (Minecraft) Saving chunks for level 'ServerLevel[New World]'/minecraft:the_end
[12:16:26] [Server thread/INFO] (Minecraft) Saving chunks for level 'ServerLevel[New World]'/minecraft:the_nether
[12:16:27] [Server thread/INFO] (Minecraft) Player964 lost connection: Disconnected
[12:16:27] [Server thread/INFO] (Minecraft) Player964 left the game
[12:16:27] [Server thread/INFO] (Minecraft) Stopping singleplayer server as player logged out
[12:16:27] [Server thread/INFO] (Minecraft) Stopping server
[12:16:27] [Server thread/INFO] (Minecraft) Saving players
[12:16:27] [Server thread/INFO] (Minecraft) Saving worlds
[12:16:28] [Server thread/INFO] (Minecraft) Saving chunks for level 'ServerLevel[New World]'/minecraft:overworld
[12:16:30] [Server thread/INFO] (Minecraft) Saving chunks for level 'ServerLevel[New World]'/minecraft:the_end
[12:16:30] [Server thread/INFO] (Minecraft) Saving chunks for level 'ServerLevel[New World]'/minecraft:the_nether
[12:16:30] [Server thread/INFO] (Minecraft) ThreadedAnvilChunkStorage (New World): All chunks are saved
[12:16:30] [Server thread/INFO] (Minecraft) ThreadedAnvilChunkStorage (DIM1): All chunks are saved
[12:16:30] [Server thread/INFO] (Minecraft) ThreadedAnvilChunkStorage (DIM-1): All chunks are saved
[12:16:30] [Server thread/INFO] (Minecraft) ThreadedAnvilChunkStorage: All dimensions are saved
[12:16:31] [Render thread/INFO] (Minecraft) Stopping!
